2025-12-01 11:13:48,534 - WARNING - winsdk not found. Music metadata will be unavailable.
2025-12-01 11:17:33,124 - WARNING - winsdk not found. Music metadata will be unavailable.
2025-12-01 11:20:17,410 - WARNING - winsdk not found. Music metadata will be unavailable.
2025-12-01 11:46:54,437 - WARNING - winsdk not installed. Media features disabled.
2025-12-01 11:59:00,093 - WARNING - PowerShell timeout
2025-12-01 12:01:44,223 - WARNING - PowerShell timeout
2025-12-01 12:01:50,305 - WARNING - PowerShell timeout
2025-12-01 12:01:55,911 - WARNING - PowerShell timeout
2025-12-01 12:02:01,894 - WARNING - PowerShell timeout
2025-12-01 12:02:07,853 - WARNING - PowerShell timeout
2025-12-01 12:02:14,488 - WARNING - PowerShell timeout
2025-12-01 12:02:20,880 - WARNING - PowerShell timeout
2025-12-01 12:02:26,578 - WARNING - PowerShell timeout
2025-12-01 12:02:33,301 - WARNING - PowerShell timeout
2025-12-01 12:02:39,968 - WARNING - PowerShell timeout
2025-12-01 12:02:47,705 - WARNING - PowerShell timeout
2025-12-01 12:02:54,879 - WARNING - PowerShell timeout
2025-12-01 12:03:01,401 - WARNING - PowerShell timeout
2025-12-01 12:03:09,745 - WARNING - PowerShell timeout
2025-12-01 12:03:17,250 - WARNING - PowerShell timeout
2025-12-01 12:03:23,074 - WARNING - PowerShell timeout
2025-12-01 12:03:29,314 - WARNING - PowerShell timeout
2025-12-01 12:03:37,510 - WARNING - PowerShell timeout
2025-12-01 12:03:46,357 - WARNING - PowerShell timeout
2025-12-01 12:03:54,518 - WARNING - PowerShell timeout
2025-12-01 12:03:59,847 - WARNING - PowerShell timeout
2025-12-01 12:04:07,140 - WARNING - PowerShell timeout
2025-12-01 12:04:13,554 - WARNING - PowerShell timeout
2025-12-01 12:04:21,079 - WARNING - PowerShell timeout
2025-12-01 12:04:30,068 - WARNING - PowerShell timeout
2025-12-01 12:04:37,494 - WARNING - PowerShell timeout
2025-12-01 12:04:44,797 - WARNING - PowerShell timeout
2025-12-01 12:04:52,083 - WARNING - PowerShell timeout
2025-12-01 12:04:57,903 - WARNING - PowerShell timeout
2025-12-01 12:05:05,916 - WARNING - PowerShell timeout
2025-12-01 12:05:11,807 - WARNING - PowerShell timeout
2025-12-01 12:05:19,132 - WARNING - PowerShell timeout
2025-12-01 12:05:24,535 - WARNING - PowerShell timeout
2025-12-01 12:05:30,025 - WARNING - PowerShell timeout
2025-12-01 12:05:35,644 - WARNING - PowerShell timeout
2025-12-01 12:05:41,923 - WARNING - PowerShell timeout
2025-12-01 12:05:48,967 - WARNING - PowerShell timeout
2025-12-01 12:05:56,563 - WARNING - PowerShell timeout
2025-12-01 12:06:03,995 - WARNING - PowerShell timeout
2025-12-01 12:06:09,843 - WARNING - PowerShell timeout
2025-12-01 12:06:15,785 - WARNING - PowerShell timeout
2025-12-01 12:06:22,742 - WARNING - PowerShell timeout
2025-12-01 12:06:29,864 - WARNING - PowerShell timeout
2025-12-01 12:06:38,576 - WARNING - PowerShell timeout
2025-12-01 12:06:44,727 - WARNING - PowerShell timeout
2025-12-01 12:06:50,515 - WARNING - PowerShell timeout
2025-12-01 12:06:57,610 - WARNING - PowerShell timeout
2025-12-01 12:07:04,469 - WARNING - PowerShell timeout
2025-12-01 12:07:11,723 - WARNING - PowerShell timeout
2025-12-01 12:07:18,471 - WARNING - PowerShell timeout
2025-12-01 12:07:24,082 - WARNING - PowerShell timeout
2025-12-01 12:07:31,164 - WARNING - PowerShell timeout
2025-12-01 12:07:36,700 - WARNING - PowerShell timeout
2025-12-01 12:07:44,536 - WARNING - PowerShell timeout
2025-12-01 12:07:51,537 - WARNING - PowerShell timeout
2025-12-01 12:07:57,988 - WARNING - PowerShell timeout
2025-12-01 12:08:03,863 - WARNING - PowerShell timeout
2025-12-01 12:08:11,114 - WARNING - PowerShell timeout
2025-12-01 12:08:18,368 - WARNING - PowerShell timeout
2025-12-01 12:08:25,732 - WARNING - PowerShell timeout
2025-12-01 12:08:32,717 - WARNING - PowerShell timeout
2025-12-01 12:08:38,455 - WARNING - PowerShell timeout
2025-12-01 12:08:44,244 - WARNING - PowerShell timeout
2025-12-01 12:08:51,694 - WARNING - PowerShell timeout
2025-12-01 12:08:58,506 - WARNING - PowerShell timeout
2025-12-01 12:09:03,938 - WARNING - PowerShell timeout
2025-12-01 12:10:51,591 - WARNING - winmedia-controller not installed: No module named 'winrt'. Media features disabled.
2025-12-01 12:12:04,162 - ERROR - Media info error: 'coroutine' object has no attribute 'get'
2025-12-01 12:12:06,164 - ERROR - Media info error: 'coroutine' object has no attribute 'get'
2025-12-01 12:12:08,165 - ERROR - Media info error: 'coroutine' object has no attribute 'get'
2025-12-01 12:12:10,168 - ERROR - Media info error: 'coroutine' object has no attribute 'get'
2025-12-01 12:12:12,170 - ERROR - Media info error: 'coroutine' object has no attribute 'get'
2025-12-01 12:12:14,173 - ERROR - Media info error: 'coroutine' object has no attribute 'get'
2025-12-01 12:12:16,174 - ERROR - Media info error: 'coroutine' object has no attribute 'get'
2025-12-01 12:12:18,177 - ERROR - Media info error: 'coroutine' object has no attribute 'get'
2025-12-01 12:12:20,204 - ERROR - Media info error: 'coroutine' object has no attribute 'get'
2025-12-01 12:12:22,206 - ERROR - Media info error: 'coroutine' object has no attribute 'get'
2025-12-01 12:12:24,209 - ERROR - Media info error: 'coroutine' object has no attribute 'get'
2025-12-01 12:12:26,212 - ERROR - Media info error: 'coroutine' object has no attribute 'get'
2025-12-01 12:12:28,214 - ERROR - Media info error: 'coroutine' object has no attribute 'get'
2025-12-01 12:12:30,216 - ERROR - Media info error: 'coroutine' object has no attribute 'get'
2025-12-01 12:12:32,219 - ERROR - Media info error: 'coroutine' object has no attribute 'get'
2025-12-01 12:12:34,221 - ERROR - Media info error: 'coroutine' object has no attribute 'get'
2025-12-01 12:12:36,224 - ERROR - Media info error: 'coroutine' object has no attribute 'get'
2025-12-01 12:12:38,226 - ERROR - Media info error: 'coroutine' object has no attribute 'get'
2025-12-01 12:12:40,228 - ERROR - Media info error: 'coroutine' object has no attribute 'get'
2025-12-01 12:12:42,231 - ERROR - Media info error: 'coroutine' object has no attribute 'get'
2025-12-01 12:12:44,232 - ERROR - Media info error: 'coroutine' object has no attribute 'get'
2025-12-01 12:12:46,234 - ERROR - Media info error: 'coroutine' object has no attribute 'get'
2025-12-01 12:12:48,236 - ERROR - Media info error: 'coroutine' object has no attribute 'get'
2025-12-01 12:12:50,239 - ERROR - Media info error: 'coroutine' object has no attribute 'get'
2025-12-01 12:12:52,241 - ERROR - Media info error: 'coroutine' object has no attribute 'get'
2025-12-01 12:12:54,243 - ERROR - Media info error: 'coroutine' object has no attribute 'get'
2025-12-01 12:12:56,260 - ERROR - Media info error: 'coroutine' object has no attribute 'get'
2025-12-01 12:12:58,264 - ERROR - Media info error: 'coroutine' object has no attribute 'get'
2025-12-01 12:13:00,267 - ERROR - Media info error: 'coroutine' object has no attribute 'get'
2025-12-01 12:13:02,270 - ERROR - Media info error: 'coroutine' object has no attribute 'get'
2025-12-01 12:13:04,272 - ERROR - Media info error: 'coroutine' object has no attribute 'get'
2025-12-01 12:13:06,274 - ERROR - Media info error: 'coroutine' object has no attribute 'get'
2025-12-01 12:13:08,276 - ERROR - Media info error: 'coroutine' object has no attribute 'get'
2025-12-01 12:13:10,280 - ERROR - Media info error: 'coroutine' object has no attribute 'get'
2025-12-01 12:13:12,282 - ERROR - Media info error: 'coroutine' object has no attribute 'get'
2025-12-01 12:13:14,284 - ERROR - Media info error: 'coroutine' object has no attribute 'get'
2025-12-01 12:13:16,286 - ERROR - Media info error: 'coroutine' object has no attribute 'get'
2025-12-01 12:13:18,288 - ERROR - Media info error: 'coroutine' object has no attribute 'get'
2025-12-01 12:13:20,291 - ERROR - Media info error: 'coroutine' object has no attribute 'get'
2025-12-01 12:13:22,292 - ERROR - Media info error: 'coroutine' object has no attribute 'get'
2025-12-01 12:13:24,295 - ERROR - Media info error: 'coroutine' object has no attribute 'get'
2025-12-01 12:13:26,297 - ERROR - Media info error: 'coroutine' object has no attribute 'get'
2025-12-01 12:13:28,300 - ERROR - Media info error: 'coroutine' object has no attribute 'get'
2025-12-01 12:13:30,301 - ERROR - Media info error: 'coroutine' object has no attribute 'get'
2025-12-01 12:13:32,304 - ERROR - Media info error: 'coroutine' object has no attribute 'get'
2025-12-01 12:13:34,306 - ERROR - Media info error: 'coroutine' object has no attribute 'get'
2025-12-01 12:13:36,309 - ERROR - Media info error: 'coroutine' object has no attribute 'get'
2025-12-01 12:13:38,313 - ERROR - Media info error: 'coroutine' object has no attribute 'get'
2025-12-01 12:13:40,316 - ERROR - Media info error: 'coroutine' object has no attribute 'get'
2025-12-01 12:13:42,318 - ERROR - Media info error: 'coroutine' object has no attribute 'get'
2025-12-01 12:13:44,320 - ERROR - Media info error: 'coroutine' object has no attribute 'get'
2025-12-01 12:13:46,322 - ERROR - Media info error: 'coroutine' object has no attribute 'get'
2025-12-01 12:13:48,325 - ERROR - Media info error: 'coroutine' object has no attribute 'get'
2025-12-01 12:13:50,329 - ERROR - Media info error: 'coroutine' object has no attribute 'get'
2025-12-01 12:13:52,333 - ERROR - Media info error: 'coroutine' object has no attribute 'get'
2025-12-01 12:13:54,336 - ERROR - Media info error: 'coroutine' object has no attribute 'get'
2025-12-01 12:13:56,338 - ERROR - Media info error: 'coroutine' object has no attribute 'get'
2025-12-01 12:13:58,340 - ERROR - Media info error: 'coroutine' object has no attribute 'get'
2025-12-01 12:14:00,344 - ERROR - Media info error: 'coroutine' object has no attribute 'get'
2025-12-01 12:14:02,351 - ERROR - Media info error: 'coroutine' object has no attribute 'get'
2025-12-01 12:14:04,353 - ERROR - Media info error: 'coroutine' object has no attribute 'get'
2025-12-01 12:14:06,357 - ERROR - Media info error: 'coroutine' object has no attribute 'get'
2025-12-01 12:14:08,364 - ERROR - Media info error: 'coroutine' object has no attribute 'get'
2025-12-01 12:14:10,369 - ERROR - Media info error: 'coroutine' object has no attribute 'get'
2025-12-01 12:14:12,373 - ERROR - Media info error: 'coroutine' object has no attribute 'get'
2025-12-01 12:14:14,380 - ERROR - Media info error: 'coroutine' object has no attribute 'get'
2025-12-01 12:14:16,386 - ERROR - Media info error: 'coroutine' object has no attribute 'get'
2025-12-01 12:14:18,390 - ERROR - Media info error: 'coroutine' object has no attribute 'get'
2025-12-01 12:14:20,397 - ERROR - Media info error: 'coroutine' object has no attribute 'get'
2025-12-01 12:14:22,401 - ERROR - Media info error: 'coroutine' object has no attribute 'get'
2025-12-01 12:14:24,405 - ERROR - Media info error: 'coroutine' object has no attribute 'get'
2025-12-01 12:14:26,415 - ERROR - Media info error: 'coroutine' object has no attribute 'get'
2025-12-01 12:14:28,419 - ERROR - Media info error: 'coroutine' object has no attribute 'get'
2025-12-01 12:14:30,423 - ERROR - Media info error: 'coroutine' object has no attribute 'get'
2025-12-01 12:14:32,430 - ERROR - Media info error: 'coroutine' object has no attribute 'get'
2025-12-01 12:14:34,435 - ERROR - Media info error: 'coroutine' object has no attribute 'get'
2025-12-01 12:14:36,438 - ERROR - Media info error: 'coroutine' object has no attribute 'get'
2025-12-01 12:14:38,443 - ERROR - Media info error: 'coroutine' object has no attribute 'get'
2025-12-01 12:14:40,451 - ERROR - Media info error: 'coroutine' object has no attribute 'get'
2025-12-01 12:14:42,454 - ERROR - Media info error: 'coroutine' object has no attribute 'get'
2025-12-01 12:14:44,459 - ERROR - Media info error: 'coroutine' object has no attribute 'get'
2025-12-01 12:14:46,466 - ERROR - Media info error: 'coroutine' object has no attribute 'get'
2025-12-01 12:14:48,469 - ERROR - Media info error: 'coroutine' object has no attribute 'get'
2025-12-01 12:14:50,473 - ERROR - Media info error: 'coroutine' object has no attribute 'get'
2025-12-01 12:14:52,479 - ERROR - Media info error: 'coroutine' object has no attribute 'get'
2025-12-01 12:14:54,487 - ERROR - Media info error: 'coroutine' object has no attribute 'get'
2025-12-01 12:14:56,491 - ERROR - Media info error: 'coroutine' object has no attribute 'get'
2025-12-01 12:14:58,502 - ERROR - Media info error: 'coroutine' object has no attribute 'get'
2025-12-01 12:15:00,510 - ERROR - Media info error: 'coroutine' object has no attribute 'get'
2025-12-01 12:15:02,540 - ERROR - Media info error: 'coroutine' object has no attribute 'get'
2025-12-01 12:15:04,548 - ERROR - Media info error: 'coroutine' object has no attribute 'get'
2025-12-01 12:15:06,550 - ERROR - Media info error: 'coroutine' object has no attribute 'get'
2025-12-01 12:15:08,554 - ERROR - Media info error: 'coroutine' object has no attribute 'get'
2025-12-01 12:15:10,559 - ERROR - Media info error: 'coroutine' object has no attribute 'get'
2025-12-01 12:15:12,565 - ERROR - Media info error: 'coroutine' object has no attribute 'get'
2025-12-01 12:15:14,569 - ERROR - Media info error: 'coroutine' object has no attribute 'get'
2025-12-01 12:15:16,573 - ERROR - Media info error: 'coroutine' object has no attribute 'get'
2025-12-01 12:15:18,579 - ERROR - Media info error: 'coroutine' object has no attribute 'get'
2025-12-01 12:15:20,584 - ERROR - Media info error: 'coroutine' object has no attribute 'get'
2025-12-01 12:15:22,609 - ERROR - Media info error: 'coroutine' object has no attribute 'get'
2025-12-01 12:15:24,616 - ERROR - Media info error: 'coroutine' object has no attribute 'get'
2025-12-01 12:15:26,620 - ERROR - Media info error: 'coroutine' object has no attribute 'get'
2025-12-01 12:15:28,623 - ERROR - Media info error: 'coroutine' object has no attribute 'get'
2025-12-01 12:15:30,630 - ERROR - Media info error: 'coroutine' object has no attribute 'get'
2025-12-01 12:15:32,634 - ERROR - Media info error: 'coroutine' object has no attribute 'get'
2025-12-01 12:15:34,637 - ERROR - Media info error: 'coroutine' object has no attribute 'get'
2025-12-01 12:15:36,642 - ERROR - Media info error: 'coroutine' object has no attribute 'get'
2025-12-01 12:15:38,650 - ERROR - Media info error: 'coroutine' object has no attribute 'get'
2025-12-01 12:15:40,656 - ERROR - Media info error: 'coroutine' object has no attribute 'get'
2025-12-01 12:15:42,659 - ERROR - Media info error: 'coroutine' object has no attribute 'get'
2025-12-01 12:15:44,666 - ERROR - Media info error: 'coroutine' object has no attribute 'get'
2025-12-01 12:15:46,690 - ERROR - Media info error: 'coroutine' object has no attribute 'get'
2025-12-01 12:15:48,693 - ERROR - Media info error: 'coroutine' object has no attribute 'get'
2025-12-01 12:15:50,699 - ERROR - Media info error: 'coroutine' object has no attribute 'get'
2025-12-01 12:15:52,701 - ERROR - Media info error: 'coroutine' object has no attribute 'get'
2025-12-01 12:15:54,703 - ERROR - Media info error: 'coroutine' object has no attribute 'get'
2025-12-01 12:15:56,706 - ERROR - Media info error: 'coroutine' object has no attribute 'get'
2025-12-01 12:15:58,707 - ERROR - Media info error: 'coroutine' object has no attribute 'get'
2025-12-01 12:16:00,711 - ERROR - Media info error: 'coroutine' object has no attribute 'get'
2025-12-01 12:16:02,715 - ERROR - Media info error: 'coroutine' object has no attribute 'get'
2025-12-01 12:16:04,717 - ERROR - Media info error: 'coroutine' object has no attribute 'get'
2025-12-01 12:16:06,720 - ERROR - Media info error: 'coroutine' object has no attribute 'get'
2025-12-01 12:16:08,723 - ERROR - Media info error: 'coroutine' object has no attribute 'get'
2025-12-01 12:16:10,726 - ERROR - Media info error: 'coroutine' object has no attribute 'get'
2025-12-01 12:16:12,761 - ERROR - Media info error: 'coroutine' object has no attribute 'get'
2025-12-01 12:16:14,769 - ERROR - Media info error: 'coroutine' object has no attribute 'get'
2025-12-01 12:16:16,773 - ERROR - Media info error: 'coroutine' object has no attribute 'get'
2025-12-01 12:16:18,778 - ERROR - Media info error: 'coroutine' object has no attribute 'get'
2025-12-01 12:16:20,785 - ERROR - Media info error: 'coroutine' object has no attribute 'get'
2025-12-01 12:16:22,788 - ERROR - Media info error: 'coroutine' object has no attribute 'get'
2025-12-01 12:16:24,792 - ERROR - Media info error: 'coroutine' object has no attribute 'get'
2025-12-01 12:16:26,798 - ERROR - Media info error: 'coroutine' object has no attribute 'get'
2025-12-01 12:16:28,801 - ERROR - Media info error: 'coroutine' object has no attribute 'get'
2025-12-01 12:16:30,806 - ERROR - Media info error: 'coroutine' object has no attribute 'get'
2025-12-01 12:16:32,816 - ERROR - Media info error: 'coroutine' object has no attribute 'get'
2025-12-01 12:16:34,820 - ERROR - Media info error: 'coroutine' object has no attribute 'get'
2025-12-01 12:16:36,823 - ERROR - Media info error: 'coroutine' object has no attribute 'get'
2025-12-01 12:16:38,829 - ERROR - Media info error: 'coroutine' object has no attribute 'get'
2025-12-01 12:16:40,836 - ERROR - Media info error: 'coroutine' object has no attribute 'get'
2025-12-01 12:16:42,842 - ERROR - Media info error: 'coroutine' object has no attribute 'get'
2025-12-01 12:16:44,850 - ERROR - Media info error: 'coroutine' object has no attribute 'get'
2025-12-01 12:16:46,855 - ERROR - Media info error: 'coroutine' object has no attribute 'get'
2025-12-01 12:16:48,864 - ERROR - Media info error: 'coroutine' object has no attribute 'get'
2025-12-01 12:16:51,187 - DEBUG - Using proactor: IocpProactor
2025-12-01 12:16:51,212 - ERROR - Async media error: No module named 'winrt.windows.foundation'
2025-12-01 12:16:53,217 - ERROR - Async media error: No module named 'winrt.windows.foundation'
2025-12-01 12:16:55,220 - ERROR - Async media error: No module named 'winrt.windows.foundation'
2025-12-01 12:16:57,222 - ERROR - Async media error: No module named 'winrt.windows.foundation'
2025-12-01 12:16:59,225 - ERROR - Async media error: No module named 'winrt.windows.foundation'
2025-12-01 12:17:01,231 - ERROR - Async media error: No module named 'winrt.windows.foundation'
2025-12-01 12:17:03,235 - ERROR - Async media error: No module named 'winrt.windows.foundation'
2025-12-01 12:17:05,239 - ERROR - Async media error: No module named 'winrt.windows.foundation'
2025-12-01 12:17:07,244 - ERROR - Async media error: No module named 'winrt.windows.foundation'
2025-12-01 12:17:09,249 - ERROR - Async media error: No module named 'winrt.windows.foundation'
2025-12-01 12:17:11,252 - ERROR - Async media error: No module named 'winrt.windows.foundation'
2025-12-01 12:17:13,254 - ERROR - Async media error: No module named 'winrt.windows.foundation'
2025-12-01 12:17:15,257 - ERROR - Async media error: No module named 'winrt.windows.foundation'
2025-12-01 12:17:17,263 - ERROR - Async media error: No module named 'winrt.windows.foundation'
2025-12-01 12:17:19,268 - ERROR - Async media error: No module named 'winrt.windows.foundation'
2025-12-01 12:17:21,271 - ERROR - Async media error: No module named 'winrt.windows.foundation'
2025-12-01 12:17:23,274 - ERROR - Async media error: No module named 'winrt.windows.foundation'
2025-12-01 12:17:25,282 - ERROR - Async media error: No module named 'winrt.windows.foundation'
2025-12-01 12:17:27,285 - ERROR - Async media error: No module named 'winrt.windows.foundation'
2025-12-01 12:17:29,302 - ERROR - Async media error: No module named 'winrt.windows.foundation'
2025-12-01 12:17:31,305 - ERROR - Async media error: No module named 'winrt.windows.foundation'
2025-12-01 12:17:33,802 - DEBUG - STREAM b'IHDR' 16 13
2025-12-01 12:17:33,802 - DEBUG - STREAM b'IDAT' 41 4096
2025-12-01 12:17:33,803 - DEBUG - STREAM b'IDAT' 35914 6
2025-12-01 12:17:35,943 - DEBUG - STREAM b'IHDR' 16 13
2025-12-01 12:17:35,944 - DEBUG - STREAM b'IDAT' 41 4096
2025-12-01 12:17:35,949 - DEBUG - STREAM b'IDAT' 35914 6
2025-12-01 12:17:37,984 - DEBUG - STREAM b'IHDR' 16 13
2025-12-01 12:17:37,984 - DEBUG - STREAM b'IDAT' 41 4096
2025-12-01 12:17:37,986 - DEBUG - STREAM b'IDAT' 35914 6
2025-12-01 12:17:40,023 - DEBUG - STREAM b'IHDR' 16 13
2025-12-01 12:17:40,024 - DEBUG - STREAM b'IDAT' 41 4096
2025-12-01 12:17:40,029 - DEBUG - STREAM b'IDAT' 35914 6
2025-12-01 12:17:42,062 - DEBUG - STREAM b'IHDR' 16 13
2025-12-01 12:17:42,062 - DEBUG - STREAM b'IDAT' 41 4096
2025-12-01 12:17:42,064 - DEBUG - STREAM b'IDAT' 35914 6
2025-12-01 12:17:44,091 - DEBUG - STREAM b'IHDR' 16 13
2025-12-01 12:17:44,091 - DEBUG - STREAM b'IDAT' 41 4096
2025-12-01 12:17:44,093 - DEBUG - STREAM b'IDAT' 35914 6
2025-12-01 12:17:46,122 - DEBUG - STREAM b'IHDR' 16 13
2025-12-01 12:17:46,123 - DEBUG - STREAM b'IDAT' 41 4096
2025-12-01 12:17:46,126 - DEBUG - STREAM b'IDAT' 35914 6
2025-12-01 12:17:48,153 - DEBUG - STREAM b'IHDR' 16 13
2025-12-01 12:17:48,153 - DEBUG - STREAM b'IDAT' 41 4096
2025-12-01 12:17:48,155 - DEBUG - STREAM b'IDAT' 35914 6
2025-12-01 12:17:50,189 - DEBUG - STREAM b'IHDR' 16 13
2025-12-01 12:17:50,189 - DEBUG - STREAM b'IDAT' 41 4096
2025-12-01 12:17:50,193 - DEBUG - STREAM b'IDAT' 35914 6
2025-12-01 12:17:53,133 - DEBUG - Using proactor: IocpProactor
2025-12-01 12:17:53,189 - DEBUG - STREAM b'IHDR' 16 13
2025-12-01 12:17:53,189 - DEBUG - STREAM b'IDAT' 41 4096
2025-12-01 12:17:53,189 - DEBUG - STREAM b'IDAT' 35914 6
2025-12-01 12:17:55,237 - DEBUG - STREAM b'IHDR' 16 13
2025-12-01 12:17:55,237 - DEBUG - STREAM b'IDAT' 41 4096
2025-12-01 12:17:55,238 - DEBUG - STREAM b'IDAT' 35914 6
2025-12-01 12:17:57,257 - DEBUG - STREAM b'IHDR' 16 13
2025-12-01 12:17:57,257 - DEBUG - STREAM b'IDAT' 41 4096
2025-12-01 12:17:57,258 - DEBUG - STREAM b'IDAT' 35914 6
2025-12-01 12:17:59,286 - DEBUG - STREAM b'IHDR' 16 13
2025-12-01 12:17:59,287 - DEBUG - STREAM b'IDAT' 41 4096
2025-12-01 12:17:59,289 - DEBUG - STREAM b'IDAT' 35914 6
2025-12-01 12:18:01,320 - DEBUG - STREAM b'IHDR' 16 13
2025-12-01 12:18:01,320 - DEBUG - STREAM b'IDAT' 41 4096
2025-12-01 12:18:01,323 - DEBUG - STREAM b'IDAT' 35914 6
2025-12-01 12:18:03,384 - DEBUG - STREAM b'IHDR' 16 13
2025-12-01 12:18:03,384 - DEBUG - STREAM b'IDAT' 41 4096
2025-12-01 12:18:03,386 - DEBUG - STREAM b'IDAT' 35914 6
2025-12-01 12:18:05,425 - DEBUG - STREAM b'IHDR' 16 13
2025-12-01 12:18:05,425 - DEBUG - STREAM b'IDAT' 41 4096
2025-12-01 12:18:05,462 - DEBUG - STREAM b'IDAT' 35914 6
2025-12-01 12:18:07,499 - DEBUG - STREAM b'IHDR' 16 13
2025-12-01 12:18:07,499 - DEBUG - STREAM b'IDAT' 41 4096
2025-12-01 12:18:07,531 - DEBUG - STREAM b'IDAT' 35914 6
2025-12-01 12:18:09,567 - DEBUG - STREAM b'IHDR' 16 13
2025-12-01 12:18:09,568 - DEBUG - STREAM b'IDAT' 41 4096
2025-12-01 12:18:09,572 - DEBUG - STREAM b'IDAT' 35914 6
2025-12-01 12:18:11,661 - DEBUG - STREAM b'IHDR' 16 13
2025-12-01 12:18:11,661 - DEBUG - STREAM b'IDAT' 41 4096
2025-12-01 12:18:11,664 - DEBUG - STREAM b'IDAT' 35914 6
2025-12-01 12:18:13,690 - DEBUG - STREAM b'IHDR' 16 13
2025-12-01 12:18:13,691 - DEBUG - STREAM b'IDAT' 41 4096
2025-12-01 12:18:13,713 - DEBUG - STREAM b'IDAT' 35914 6
2025-12-01 12:18:15,738 - DEBUG - STREAM b'IHDR' 16 13
2025-12-01 12:18:15,738 - DEBUG - STREAM b'IDAT' 41 4096
2025-12-01 12:18:15,756 - DEBUG - STREAM b'IDAT' 35914 6
2025-12-01 12:18:17,794 - DEBUG - STREAM b'IHDR' 16 13
2025-12-01 12:18:17,795 - DEBUG - STREAM b'IDAT' 41 4096
2025-12-01 12:18:17,797 - DEBUG - STREAM b'IDAT' 35914 6
2025-12-01 12:18:19,850 - DEBUG - STREAM b'IHDR' 16 13
2025-12-01 12:18:19,851 - DEBUG - STREAM b'IDAT' 41 4096
2025-12-01 12:18:19,854 - DEBUG - STREAM b'IDAT' 35914 6
2025-12-01 12:18:21,884 - DEBUG - STREAM b'IHDR' 16 13
2025-12-01 12:18:21,885 - DEBUG - STREAM b'IDAT' 41 4096
2025-12-01 12:18:21,912 - DEBUG - STREAM b'IDAT' 35914 6
2025-12-01 12:18:23,949 - DEBUG - STREAM b'IHDR' 16 13
2025-12-01 12:18:23,950 - DEBUG - STREAM b'IDAT' 41 4096
2025-12-01 12:18:23,981 - DEBUG - STREAM b'IDAT' 35914 6
2025-12-01 12:18:26,018 - DEBUG - STREAM b'IHDR' 16 13
2025-12-01 12:18:26,019 - DEBUG - STREAM b'IDAT' 41 4096
2025-12-01 12:18:26,020 - DEBUG - STREAM b'IDAT' 35914 6
2025-12-01 12:18:28,082 - DEBUG - STREAM b'IHDR' 16 13
2025-12-01 12:18:28,082 - DEBUG - STREAM b'IDAT' 41 4096
2025-12-01 12:18:28,083 - DEBUG - STREAM b'IDAT' 35914 6
2025-12-01 12:18:30,113 - DEBUG - STREAM b'IHDR' 16 13
2025-12-01 12:18:30,114 - DEBUG - STREAM b'IDAT' 41 4096
2025-12-01 12:18:30,117 - DEBUG - STREAM b'IDAT' 35914 6
2025-12-01 12:18:32,153 - DEBUG - STREAM b'IHDR' 16 13
2025-12-01 12:18:32,153 - DEBUG - STREAM b'IDAT' 41 4096
2025-12-01 12:18:32,156 - DEBUG - STREAM b'IDAT' 35914 6
2025-12-01 12:18:34,186 - DEBUG - STREAM b'IHDR' 16 13
2025-12-01 12:18:34,186 - DEBUG - STREAM b'IDAT' 41 4096
2025-12-01 12:18:34,188 - DEBUG - STREAM b'IDAT' 35914 6
2025-12-01 12:18:36,222 - DEBUG - STREAM b'IHDR' 16 13
2025-12-01 12:18:36,222 - DEBUG - STREAM b'IDAT' 41 4096
2025-12-01 12:18:36,225 - DEBUG - STREAM b'IDAT' 35914 6
2025-12-01 12:18:38,265 - DEBUG - STREAM b'IHDR' 16 13
2025-12-01 12:18:38,265 - DEBUG - STREAM b'IDAT' 41 4096
2025-12-01 12:18:38,266 - DEBUG - STREAM b'IDAT' 35914 6
2025-12-01 12:18:40,293 - DEBUG - STREAM b'IHDR' 16 13
2025-12-01 12:18:40,293 - DEBUG - STREAM b'IDAT' 41 4096
2025-12-01 12:18:40,296 - DEBUG - STREAM b'IDAT' 35914 6
2025-12-01 12:18:42,330 - DEBUG - STREAM b'IHDR' 16 13
2025-12-01 12:18:42,331 - DEBUG - STREAM b'IDAT' 41 4096
2025-12-01 12:18:42,333 - DEBUG - STREAM b'IDAT' 35914 6
2025-12-01 12:18:44,357 - DEBUG - STREAM b'IHDR' 16 13
2025-12-01 12:18:44,357 - DEBUG - STREAM b'IDAT' 41 4096
2025-12-01 12:18:44,360 - DEBUG - STREAM b'IDAT' 35914 6
2025-12-01 12:18:46,385 - DEBUG - STREAM b'IHDR' 16 13
2025-12-01 12:18:46,385 - DEBUG - STREAM b'IDAT' 41 4096
2025-12-01 12:18:46,387 - DEBUG - STREAM b'IDAT' 35914 6
2025-12-01 12:18:48,417 - DEBUG - STREAM b'IHDR' 16 13
2025-12-01 12:18:48,418 - DEBUG - STREAM b'IDAT' 41 4096
2025-12-01 12:18:48,420 - DEBUG - STREAM b'IDAT' 35914 6
2025-12-01 12:18:50,451 - DEBUG - STREAM b'IHDR' 16 13
2025-12-01 12:18:50,451 - DEBUG - STREAM b'IDAT' 41 4096
2025-12-01 12:18:50,452 - DEBUG - STREAM b'IDAT' 35914 6
2025-12-01 12:18:52,487 - DEBUG - STREAM b'IHDR' 16 13
2025-12-01 12:18:52,487 - DEBUG - STREAM b'IDAT' 41 4096
2025-12-01 12:18:52,490 - DEBUG - STREAM b'IDAT' 35914 6
2025-12-01 12:18:54,523 - DEBUG - STREAM b'IHDR' 16 13
2025-12-01 12:18:54,524 - DEBUG - STREAM b'IDAT' 41 4096
2025-12-01 12:18:54,527 - DEBUG - STREAM b'IDAT' 35914 6
2025-12-01 12:18:56,556 - DEBUG - STREAM b'IHDR' 16 13
2025-12-01 12:18:56,557 - DEBUG - STREAM b'IDAT' 41 4096
2025-12-01 12:18:56,558 - DEBUG - STREAM b'IDAT' 35914 6
2025-12-01 12:18:58,598 - DEBUG - STREAM b'IHDR' 16 13
2025-12-01 12:18:58,599 - DEBUG - STREAM b'IDAT' 41 4096
2025-12-01 12:18:58,601 - DEBUG - STREAM b'IDAT' 35914 6
2025-12-01 12:19:00,636 - DEBUG - STREAM b'IHDR' 16 13
2025-12-01 12:19:00,637 - DEBUG - STREAM b'IDAT' 41 4096
2025-12-01 12:19:00,639 - DEBUG - STREAM b'IDAT' 35914 6
2025-12-01 12:19:02,671 - DEBUG - STREAM b'IHDR' 16 13
2025-12-01 12:19:02,671 - DEBUG - STREAM b'IDAT' 41 4096
2025-12-01 12:19:02,674 - DEBUG - STREAM b'IDAT' 35914 6
2025-12-01 12:19:04,703 - DEBUG - STREAM b'IHDR' 16 13
2025-12-01 12:19:04,704 - DEBUG - STREAM b'IDAT' 41 4096
2025-12-01 12:19:04,706 - DEBUG - STREAM b'IDAT' 35914 6
2025-12-01 12:19:06,739 - DEBUG - STREAM b'IHDR' 16 13
2025-12-01 12:19:06,739 - DEBUG - STREAM b'IDAT' 41 4096
2025-12-01 12:19:06,741 - DEBUG - STREAM b'IDAT' 35914 6
2025-12-01 12:19:08,773 - DEBUG - STREAM b'IHDR' 16 13
2025-12-01 12:19:08,774 - DEBUG - STREAM b'IDAT' 41 4096
2025-12-01 12:19:08,777 - DEBUG - STREAM b'IDAT' 35914 6
2025-12-01 12:19:10,810 - DEBUG - STREAM b'IHDR' 16 13
2025-12-01 12:19:10,811 - DEBUG - STREAM b'IDAT' 41 4096
2025-12-01 12:19:10,814 - DEBUG - STREAM b'IDAT' 35914 6
2025-12-01 12:19:12,851 - DEBUG - STREAM b'IHDR' 16 13
2025-12-01 12:19:12,851 - DEBUG - STREAM b'IDAT' 41 4096
2025-12-01 12:19:12,854 - DEBUG - STREAM b'IDAT' 35914 6
2025-12-01 12:19:14,873 - DEBUG - STREAM b'IHDR' 16 13
2025-12-01 12:19:14,873 - DEBUG - STREAM b'IDAT' 41 4096
2025-12-01 12:19:14,873 - DEBUG - STREAM b'IDAT' 35914 6
2025-12-01 12:19:16,903 - DEBUG - STREAM b'IHDR' 16 13
2025-12-01 12:19:16,903 - DEBUG - STREAM b'IDAT' 41 4096
2025-12-01 12:19:16,905 - DEBUG - STREAM b'IDAT' 35914 6
2025-12-01 12:19:18,937 - DEBUG - STREAM b'IHDR' 16 13
2025-12-01 12:19:18,938 - DEBUG - STREAM b'IDAT' 41 4096
2025-12-01 12:19:18,939 - DEBUG - STREAM b'IDAT' 35914 6
2025-12-01 12:19:21,007 - DEBUG - STREAM b'IHDR' 16 13
2025-12-01 12:19:21,008 - DEBUG - STREAM b'IDAT' 41 4096
2025-12-01 12:19:21,013 - DEBUG - STREAM b'IDAT' 35914 6
2025-12-01 12:19:23,087 - DEBUG - STREAM b'IHDR' 16 13
2025-12-01 12:19:23,087 - DEBUG - STREAM b'IDAT' 41 4096
2025-12-01 12:19:23,090 - DEBUG - STREAM b'IDAT' 35914 6
2025-12-01 12:19:25,138 - DEBUG - STREAM b'IHDR' 16 13
2025-12-01 12:19:25,138 - DEBUG - STREAM b'IDAT' 41 4096
2025-12-01 12:19:25,139 - DEBUG - STREAM b'IDAT' 35914 6
2025-12-01 12:19:27,166 - DEBUG - STREAM b'IHDR' 16 13
2025-12-01 12:19:27,167 - DEBUG - STREAM b'IDAT' 41 4096
2025-12-01 12:19:27,169 - DEBUG - STREAM b'IDAT' 35914 6
2025-12-01 12:19:29,202 - DEBUG - STREAM b'IHDR' 16 13
2025-12-01 12:19:29,202 - DEBUG - STREAM b'IDAT' 41 4096
2025-12-01 12:19:29,205 - DEBUG - STREAM b'IDAT' 35914 6
2025-12-01 12:19:31,242 - DEBUG - STREAM b'IHDR' 16 13
2025-12-01 12:19:31,243 - DEBUG - STREAM b'IDAT' 41 4096
2025-12-01 12:19:31,248 - DEBUG - STREAM b'IDAT' 35914 6
2025-12-01 12:19:33,273 - DEBUG - STREAM b'IHDR' 16 13
2025-12-01 12:19:33,274 - DEBUG - STREAM b'IDAT' 41 4096
2025-12-01 12:19:33,278 - DEBUG - STREAM b'IDAT' 35914 6
2025-12-01 12:19:35,310 - DEBUG - STREAM b'IHDR' 16 13
2025-12-01 12:19:35,311 - DEBUG - STREAM b'IDAT' 41 4096
2025-12-01 12:19:35,314 - DEBUG - STREAM b'IDAT' 35914 6
2025-12-01 12:19:37,349 - DEBUG - STREAM b'IHDR' 16 13
2025-12-01 12:19:37,349 - DEBUG - STREAM b'IDAT' 41 4096
2025-12-01 12:19:37,351 - DEBUG - STREAM b'IDAT' 35914 6
2025-12-01 12:19:39,385 - DEBUG - STREAM b'IHDR' 16 13
2025-12-01 12:19:39,385 - DEBUG - STREAM b'IDAT' 41 4096
2025-12-01 12:19:39,388 - DEBUG - STREAM b'IDAT' 35914 6
2025-12-01 12:19:41,422 - DEBUG - STREAM b'IHDR' 16 13
2025-12-01 12:19:41,422 - DEBUG - STREAM b'IDAT' 41 4096
2025-12-01 12:19:41,426 - DEBUG - STREAM b'IDAT' 35914 6
2025-12-01 12:19:43,468 - DEBUG - STREAM b'IHDR' 16 13
2025-12-01 12:19:43,469 - DEBUG - STREAM b'IDAT' 41 4096
2025-12-01 12:19:43,471 - DEBUG - STREAM b'IDAT' 35914 6
2025-12-01 12:19:45,508 - DEBUG - STREAM b'IHDR' 16 13
2025-12-01 12:19:45,509 - DEBUG - STREAM b'IDAT' 41 4096
2025-12-01 12:19:45,513 - DEBUG - STREAM b'IDAT' 35914 6
2025-12-01 12:19:47,551 - DEBUG - STREAM b'IHDR' 16 13
2025-12-01 12:19:47,551 - DEBUG - STREAM b'IDAT' 41 4096
2025-12-01 12:19:47,554 - DEBUG - STREAM b'IDAT' 35914 6
2025-12-01 12:19:49,586 - DEBUG - STREAM b'IHDR' 16 13
2025-12-01 12:19:49,587 - DEBUG - STREAM b'IDAT' 41 4096
2025-12-01 12:19:49,589 - DEBUG - STREAM b'IDAT' 35914 6
2025-12-01 12:19:51,621 - DEBUG - STREAM b'IHDR' 16 13
2025-12-01 12:19:51,621 - DEBUG - STREAM b'IDAT' 41 4096
2025-12-01 12:19:51,623 - DEBUG - STREAM b'IDAT' 35914 6
2025-12-01 12:19:53,657 - DEBUG - STREAM b'IHDR' 16 13
2025-12-01 12:19:53,657 - DEBUG - STREAM b'IDAT' 41 4096
2025-12-01 12:19:53,660 - DEBUG - STREAM b'IDAT' 35914 6
2025-12-01 12:19:57,718 - DEBUG - STREAM b'IHDR' 16 13
2025-12-01 12:19:57,718 - DEBUG - STREAM b'IDAT' 41 4096
2025-12-01 12:19:57,720 - DEBUG - STREAM b'IDAT' 22909 6
2025-12-01 12:19:59,767 - DEBUG - STREAM b'IHDR' 16 13
2025-12-01 12:19:59,768 - DEBUG - STREAM b'IDAT' 41 4096
2025-12-01 12:19:59,769 - DEBUG - STREAM b'IDAT' 22909 6
2025-12-01 12:20:01,800 - DEBUG - STREAM b'IHDR' 16 13
2025-12-01 12:20:01,801 - DEBUG - STREAM b'IDAT' 41 4096
2025-12-01 12:20:01,803 - DEBUG - STREAM b'IDAT' 22909 6
2025-12-01 12:20:03,836 - DEBUG - STREAM b'IHDR' 16 13
2025-12-01 12:20:03,837 - DEBUG - STREAM b'IDAT' 41 4096
2025-12-01 12:20:03,839 - DEBUG - STREAM b'IDAT' 22909 6
2025-12-01 12:20:05,875 - DEBUG - STREAM b'IHDR' 16 13
2025-12-01 12:20:05,875 - DEBUG - STREAM b'IDAT' 41 4096
2025-12-01 12:20:05,879 - DEBUG - STREAM b'IDAT' 22909 6
2025-12-01 12:20:07,924 - DEBUG - STREAM b'IHDR' 16 13
2025-12-01 12:20:07,925 - DEBUG - STREAM b'IDAT' 41 4096
2025-12-01 12:20:07,930 - DEBUG - STREAM b'IDAT' 22909 6
2025-12-01 12:20:09,977 - DEBUG - STREAM b'IHDR' 16 13
2025-12-01 12:20:09,979 - DEBUG - STREAM b'IDAT' 41 4096
2025-12-01 12:20:09,981 - DEBUG - STREAM b'IDAT' 22909 6
2025-12-01 12:20:12,045 - DEBUG - STREAM b'IHDR' 16 13
2025-12-01 12:20:12,046 - DEBUG - STREAM b'IDAT' 41 4096
2025-12-01 12:20:12,049 - DEBUG - STREAM b'IDAT' 22909 6
2025-12-01 12:20:14,105 - DEBUG - STREAM b'IHDR' 16 13
2025-12-01 12:20:14,105 - DEBUG - STREAM b'IDAT' 41 4096
2025-12-01 12:20:14,108 - DEBUG - STREAM b'IDAT' 22909 6
2025-12-01 12:20:16,138 - DEBUG - STREAM b'IHDR' 16 13
2025-12-01 12:20:16,139 - DEBUG - STREAM b'IDAT' 41 4096
2025-12-01 12:20:16,172 - DEBUG - STREAM b'IDAT' 22909 6
2025-12-01 12:20:18,210 - DEBUG - STREAM b'IHDR' 16 13
2025-12-01 12:20:18,210 - DEBUG - STREAM b'IDAT' 41 4096
2025-12-01 12:20:18,244 - DEBUG - STREAM b'IDAT' 22909 6
2025-12-01 12:20:20,283 - DEBUG - STREAM b'IHDR' 16 13
2025-12-01 12:20:20,283 - DEBUG - STREAM b'IDAT' 41 4096
2025-12-01 12:20:20,287 - DEBUG - STREAM b'IDAT' 22909 6
2025-12-01 12:20:22,370 - DEBUG - STREAM b'IHDR' 16 13
2025-12-01 12:20:22,370 - DEBUG - STREAM b'IDAT' 41 4096
2025-12-01 12:20:22,404 - DEBUG - STREAM b'IDAT' 22909 6
2025-12-01 12:20:24,451 - DEBUG - STREAM b'IHDR' 16 13
2025-12-01 12:20:24,452 - DEBUG - STREAM b'IDAT' 41 4096
2025-12-01 12:20:24,479 - DEBUG - STREAM b'IDAT' 22909 6
2025-12-01 12:20:26,518 - DEBUG - STREAM b'IHDR' 16 13
2025-12-01 12:20:26,519 - DEBUG - STREAM b'IDAT' 41 4096
2025-12-01 12:20:26,521 - DEBUG - STREAM b'IDAT' 22909 6
2025-12-01 12:20:28,556 - DEBUG - STREAM b'IHDR' 16 13
2025-12-01 12:20:28,557 - DEBUG - STREAM b'IDAT' 41 4096
2025-12-01 12:20:28,561 - DEBUG - STREAM b'IDAT' 22909 6
2025-12-01 12:20:30,599 - DEBUG - STREAM b'IHDR' 16 13
2025-12-01 12:20:30,600 - DEBUG - STREAM b'IDAT' 41 4096
2025-12-01 12:20:30,602 - DEBUG - STREAM b'IDAT' 22909 6
2025-12-01 12:20:32,638 - DEBUG - STREAM b'IHDR' 16 13
2025-12-01 12:20:32,639 - DEBUG - STREAM b'IDAT' 41 4096
2025-12-01 12:20:32,641 - DEBUG - STREAM b'IDAT' 22909 6
2025-12-01 12:20:34,673 - DEBUG - STREAM b'IHDR' 16 13
2025-12-01 12:20:34,674 - DEBUG - STREAM b'IDAT' 41 4096
2025-12-01 12:20:34,676 - DEBUG - STREAM b'IDAT' 22909 6
2025-12-01 12:20:36,706 - DEBUG - STREAM b'IHDR' 16 13
2025-12-01 12:20:36,706 - DEBUG - STREAM b'IDAT' 41 4096
2025-12-01 12:20:36,708 - DEBUG - STREAM b'IDAT' 22909 6
2025-12-01 12:20:38,741 - DEBUG - STREAM b'IHDR' 16 13
2025-12-01 12:20:38,742 - DEBUG - STREAM b'IDAT' 41 4096
2025-12-01 12:20:38,744 - DEBUG - STREAM b'IDAT' 22909 6
2025-12-01 12:20:40,768 - DEBUG - STREAM b'IHDR' 16 13
2025-12-01 12:20:40,768 - DEBUG - STREAM b'IDAT' 41 4096
2025-12-01 12:20:40,770 - DEBUG - STREAM b'IDAT' 22909 6
2025-12-01 12:20:42,799 - DEBUG - STREAM b'IHDR' 16 13
2025-12-01 12:20:42,799 - DEBUG - STREAM b'IDAT' 41 4096
2025-12-01 12:20:42,802 - DEBUG - STREAM b'IDAT' 22909 6
2025-12-01 12:20:44,837 - DEBUG - STREAM b'IHDR' 16 13
2025-12-01 12:20:44,838 - DEBUG - STREAM b'IDAT' 41 4096
2025-12-01 12:20:44,839 - DEBUG - STREAM b'IDAT' 22909 6
2025-12-01 12:20:46,868 - DEBUG - STREAM b'IHDR' 16 13
2025-12-01 12:20:46,869 - DEBUG - STREAM b'IDAT' 41 4096
2025-12-01 12:20:46,871 - DEBUG - STREAM b'IDAT' 22909 6
2025-12-01 12:20:48,905 - DEBUG - STREAM b'IHDR' 16 13
2025-12-01 12:20:48,905 - DEBUG - STREAM b'IDAT' 41 4096
2025-12-01 12:20:48,908 - DEBUG - STREAM b'IDAT' 22909 6
2025-12-01 12:20:50,936 - DEBUG - STREAM b'IHDR' 16 13
2025-12-01 12:20:50,936 - DEBUG - STREAM b'IDAT' 41 4096
2025-12-01 12:20:50,939 - DEBUG - STREAM b'IDAT' 22909 6
2025-12-01 12:20:52,970 - DEBUG - STREAM b'IHDR' 16 13
2025-12-01 12:20:52,970 - DEBUG - STREAM b'IDAT' 41 4096
2025-12-01 12:20:52,971 - DEBUG - STREAM b'IDAT' 22909 6
2025-12-01 12:20:55,002 - DEBUG - STREAM b'IHDR' 16 13
2025-12-01 12:20:55,002 - DEBUG - STREAM b'IDAT' 41 4096
2025-12-01 12:20:55,005 - DEBUG - STREAM b'IDAT' 22909 6
2025-12-01 12:20:57,037 - DEBUG - STREAM b'IHDR' 16 13
2025-12-01 12:20:57,038 - DEBUG - STREAM b'IDAT' 41 4096
2025-12-01 12:20:57,040 - DEBUG - STREAM b'IDAT' 22909 6
2025-12-01 12:20:59,070 - DEBUG - STREAM b'IHDR' 16 13
2025-12-01 12:20:59,071 - DEBUG - STREAM b'IDAT' 41 4096
2025-12-01 12:20:59,073 - DEBUG - STREAM b'IDAT' 22909 6
2025-12-01 12:21:01,105 - DEBUG - STREAM b'IHDR' 16 13
2025-12-01 12:21:01,105 - DEBUG - STREAM b'IDAT' 41 4096
2025-12-01 12:21:01,108 - DEBUG - STREAM b'IDAT' 22909 6
2025-12-01 12:21:03,140 - DEBUG - STREAM b'IHDR' 16 13
2025-12-01 12:21:03,140 - DEBUG - STREAM b'IDAT' 41 4096
2025-12-01 12:21:03,144 - DEBUG - STREAM b'IDAT' 22909 6
2025-12-01 12:21:05,176 - DEBUG - STREAM b'IHDR' 16 13
2025-12-01 12:21:05,176 - DEBUG - STREAM b'IDAT' 41 4096
2025-12-01 12:21:05,181 - DEBUG - STREAM b'IDAT' 22909 6
2025-12-01 12:21:07,216 - DEBUG - STREAM b'IHDR' 16 13
2025-12-01 12:21:07,216 - DEBUG - STREAM b'IDAT' 41 4096
2025-12-01 12:21:07,219 - DEBUG - STREAM b'IDAT' 22909 6
2025-12-01 12:21:09,255 - DEBUG - STREAM b'IHDR' 16 13
2025-12-01 12:21:09,255 - DEBUG - STREAM b'IDAT' 41 4096
2025-12-01 12:21:09,258 - DEBUG - STREAM b'IDAT' 22909 6
2025-12-01 12:21:11,289 - DEBUG - STREAM b'IHDR' 16 13
2025-12-01 12:21:11,289 - DEBUG - STREAM b'IDAT' 41 4096
2025-12-01 12:21:11,290 - DEBUG - STREAM b'IDAT' 22909 6
2025-12-01 12:21:13,324 - DEBUG - STREAM b'IHDR' 16 13
2025-12-01 12:21:13,324 - DEBUG - STREAM b'IDAT' 41 4096
2025-12-01 12:21:13,329 - DEBUG - STREAM b'IDAT' 22909 6
2025-12-01 12:21:15,357 - DEBUG - STREAM b'IHDR' 16 13
2025-12-01 12:21:15,357 - DEBUG - STREAM b'IDAT' 41 4096
2025-12-01 12:21:15,359 - DEBUG - STREAM b'IDAT' 22909 6
2025-12-01 12:21:17,391 - DEBUG - STREAM b'IHDR' 16 13
2025-12-01 12:21:17,392 - DEBUG - STREAM b'IDAT' 41 4096
2025-12-01 12:21:17,395 - DEBUG - STREAM b'IDAT' 22909 6
2025-12-01 12:21:19,431 - DEBUG - STREAM b'IHDR' 16 13
2025-12-01 12:21:19,432 - DEBUG - STREAM b'IDAT' 41 4096
2025-12-01 12:21:19,434 - DEBUG - STREAM b'IDAT' 22909 6
2025-12-01 12:21:21,498 - DEBUG - STREAM b'IHDR' 16 13
2025-12-01 12:21:21,498 - DEBUG - STREAM b'IDAT' 41 4096
2025-12-01 12:21:21,500 - DEBUG - STREAM b'IDAT' 22909 6
2025-12-01 12:21:23,551 - DEBUG - STREAM b'IHDR' 16 13
2025-12-01 12:21:23,551 - DEBUG - STREAM b'IDAT' 41 4096
2025-12-01 12:21:23,552 - DEBUG - STREAM b'IDAT' 22909 6
2025-12-01 12:21:25,603 - DEBUG - STREAM b'IHDR' 16 13
2025-12-01 12:21:25,603 - DEBUG - STREAM b'IDAT' 41 4096
2025-12-01 12:21:25,606 - DEBUG - STREAM b'IDAT' 22909 6
2025-12-01 12:21:27,636 - DEBUG - STREAM b'IHDR' 16 13
2025-12-01 12:21:27,637 - DEBUG - STREAM b'IDAT' 41 4096
2025-12-01 12:21:27,659 - DEBUG - STREAM b'IDAT' 22909 6
2025-12-01 12:21:29,688 - DEBUG - STREAM b'IHDR' 16 13
2025-12-01 12:21:29,688 - DEBUG - STREAM b'IDAT' 41 4096
2025-12-01 12:21:29,689 - DEBUG - STREAM b'IDAT' 22909 6
2025-12-01 12:21:31,717 - DEBUG - STREAM b'IHDR' 16 13
2025-12-01 12:21:31,718 - DEBUG - STREAM b'IDAT' 41 4096
2025-12-01 12:21:31,719 - DEBUG - STREAM b'IDAT' 22909 6
2025-12-01 12:21:33,748 - DEBUG - STREAM b'IHDR' 16 13
2025-12-01 12:21:33,749 - DEBUG - STREAM b'IDAT' 41 4096
2025-12-01 12:21:33,750 - DEBUG - STREAM b'IDAT' 22909 6
2025-12-01 12:21:35,784 - DEBUG - STREAM b'IHDR' 16 13
2025-12-01 12:21:35,784 - DEBUG - STREAM b'IDAT' 41 4096
2025-12-01 12:21:35,787 - DEBUG - STREAM b'IDAT' 22909 6
2025-12-01 12:21:37,824 - DEBUG - STREAM b'IHDR' 16 13
2025-12-01 12:21:37,825 - DEBUG - STREAM b'IDAT' 41 4096
2025-12-01 12:21:37,828 - DEBUG - STREAM b'IDAT' 22909 6
2025-12-01 12:21:39,857 - DEBUG - STREAM b'IHDR' 16 13
2025-12-01 12:21:39,858 - DEBUG - STREAM b'IDAT' 41 4096
2025-12-01 12:21:39,860 - DEBUG - STREAM b'IDAT' 22909 6
2025-12-01 12:21:41,888 - DEBUG - STREAM b'IHDR' 16 13
2025-12-01 12:21:41,889 - DEBUG - STREAM b'IDAT' 41 4096
2025-12-01 12:21:41,890 - DEBUG - STREAM b'IDAT' 22909 6
2025-12-01 12:21:43,917 - DEBUG - STREAM b'IHDR' 16 13
2025-12-01 12:21:43,918 - DEBUG - STREAM b'IDAT' 41 4096
2025-12-01 12:21:43,919 - DEBUG - STREAM b'IDAT' 22909 6
2025-12-01 12:21:45,941 - DEBUG - STREAM b'IHDR' 16 13
2025-12-01 12:21:45,941 - DEBUG - STREAM b'IDAT' 41 4096
2025-12-01 12:21:45,944 - DEBUG - STREAM b'IDAT' 22909 6
2025-12-01 12:21:47,972 - DEBUG - STREAM b'IHDR' 16 13
2025-12-01 12:21:47,972 - DEBUG - STREAM b'IDAT' 41 4096
2025-12-01 12:21:47,973 - DEBUG - STREAM b'IDAT' 22909 6
2025-12-01 12:21:50,000 - DEBUG - STREAM b'IHDR' 16 13
2025-12-01 12:21:50,001 - DEBUG - STREAM b'IDAT' 41 4096
2025-12-01 12:21:50,003 - DEBUG - STREAM b'IDAT' 22909 6
2025-12-01 12:21:52,031 - DEBUG - STREAM b'IHDR' 16 13
2025-12-01 12:21:52,031 - DEBUG - STREAM b'IDAT' 41 4096
2025-12-01 12:21:52,033 - DEBUG - STREAM b'IDAT' 22909 6
2025-12-01 12:21:54,066 - DEBUG - STREAM b'IHDR' 16 13
2025-12-01 12:21:54,066 - DEBUG - STREAM b'IDAT' 41 4096
2025-12-01 12:21:54,068 - DEBUG - STREAM b'IDAT' 22909 6
2025-12-01 12:21:56,098 - DEBUG - STREAM b'IHDR' 16 13
2025-12-01 12:21:56,099 - DEBUG - STREAM b'IDAT' 41 4096
2025-12-01 12:21:56,101 - DEBUG - STREAM b'IDAT' 22909 6
2025-12-01 12:21:58,137 - DEBUG - STREAM b'IHDR' 16 13
2025-12-01 12:21:58,138 - DEBUG - STREAM b'IDAT' 41 4096
2025-12-01 12:21:58,139 - DEBUG - STREAM b'IDAT' 22909 6
2025-12-01 12:22:00,172 - DEBUG - STREAM b'IHDR' 16 13
2025-12-01 12:22:00,173 - DEBUG - STREAM b'IDAT' 41 4096
2025-12-01 12:22:00,176 - DEBUG - STREAM b'IDAT' 22909 6
2025-12-01 12:22:02,211 - DEBUG - STREAM b'IHDR' 16 13
2025-12-01 12:22:02,213 - DEBUG - STREAM b'IDAT' 41 4096
2025-12-01 12:22:02,215 - DEBUG - STREAM b'IDAT' 22909 6
2025-12-01 12:22:04,250 - DEBUG - STREAM b'IHDR' 16 13
2025-12-01 12:22:04,250 - DEBUG - STREAM b'IDAT' 41 4096
2025-12-01 12:22:04,251 - DEBUG - STREAM b'IDAT' 22909 6
2025-12-01 12:22:06,283 - DEBUG - STREAM b'IHDR' 16 13
2025-12-01 12:22:06,284 - DEBUG - STREAM b'IDAT' 41 4096
2025-12-01 12:22:06,285 - DEBUG - STREAM b'IDAT' 22909 6
2025-12-01 12:22:08,316 - DEBUG - STREAM b'IHDR' 16 13
2025-12-01 12:22:08,316 - DEBUG - STREAM b'IDAT' 41 4096
2025-12-01 12:22:08,318 - DEBUG - STREAM b'IDAT' 22909 6
2025-12-01 12:22:10,068 - DEBUG - Using proactor: IocpProactor
2025-12-01 12:22:10,138 - DEBUG - STREAM b'IHDR' 16 13
2025-12-01 12:22:10,138 - DEBUG - STREAM b'IDAT' 41 4096
2025-12-01 12:22:10,139 - DEBUG - STREAM b'IDAT' 22909 6
2025-12-01 12:22:12,176 - DEBUG - STREAM b'IHDR' 16 13
2025-12-01 12:22:12,176 - DEBUG - STREAM b'IDAT' 41 4096
2025-12-01 12:22:12,178 - DEBUG - STREAM b'IDAT' 22909 6
2025-12-01 12:22:14,202 - DEBUG - STREAM b'IHDR' 16 13
2025-12-01 12:22:14,202 - DEBUG - STREAM b'IDAT' 41 4096
2025-12-01 12:22:14,203 - DEBUG - STREAM b'IDAT' 22909 6
2025-12-01 12:22:16,237 - DEBUG - STREAM b'IHDR' 16 13
2025-12-01 12:22:16,238 - DEBUG - STREAM b'IDAT' 41 4096
2025-12-01 12:22:16,240 - DEBUG - STREAM b'IDAT' 22909 6
2025-12-01 12:22:18,272 - DEBUG - STREAM b'IHDR' 16 13
2025-12-01 12:22:18,273 - DEBUG - STREAM b'IDAT' 41 4096
2025-12-01 12:22:18,274 - DEBUG - STREAM b'IDAT' 22909 6
2025-12-01 12:22:20,305 - DEBUG - STREAM b'IHDR' 16 13
2025-12-01 12:22:20,306 - DEBUG - STREAM b'IDAT' 41 4096
2025-12-01 12:22:20,306 - DEBUG - STREAM b'IDAT' 22909 6
2025-12-01 12:22:22,356 - DEBUG - STREAM b'IHDR' 16 13
2025-12-01 12:22:22,357 - DEBUG - STREAM b'IDAT' 41 4096
2025-12-01 12:22:22,359 - DEBUG - STREAM b'IDAT' 22909 6
2025-12-01 12:22:24,423 - DEBUG - STREAM b'IHDR' 16 13
2025-12-01 12:22:24,424 - DEBUG - STREAM b'IDAT' 41 4096
2025-12-01 12:22:24,427 - DEBUG - STREAM b'IDAT' 22909 6
2025-12-01 12:22:26,451 - DEBUG - STREAM b'IHDR' 16 13
2025-12-01 12:22:26,451 - DEBUG - STREAM b'IDAT' 41 4096
2025-12-01 12:22:26,453 - DEBUG - STREAM b'IDAT' 22909 6
2025-12-01 12:22:28,484 - DEBUG - STREAM b'IHDR' 16 13
2025-12-01 12:22:28,484 - DEBUG - STREAM b'IDAT' 41 4096
2025-12-01 12:22:28,486 - DEBUG - STREAM b'IDAT' 22909 6
2025-12-01 12:22:30,520 - DEBUG - STREAM b'IHDR' 16 13
2025-12-01 12:22:30,520 - DEBUG - STREAM b'IDAT' 41 4096
2025-12-01 12:22:30,522 - DEBUG - STREAM b'IDAT' 22909 6
2025-12-01 12:22:32,549 - DEBUG - STREAM b'IHDR' 16 13
2025-12-01 12:22:32,549 - DEBUG - STREAM b'IDAT' 41 4096
2025-12-01 12:22:32,550 - DEBUG - STREAM b'IDAT' 22909 6
2025-12-01 12:22:34,583 - DEBUG - STREAM b'IHDR' 16 13
2025-12-01 12:22:34,583 - DEBUG - STREAM b'IDAT' 41 4096
2025-12-01 12:22:34,586 - DEBUG - STREAM b'IDAT' 22909 6
2025-12-01 12:22:36,617 - DEBUG - STREAM b'IHDR' 16 13
2025-12-01 12:22:36,617 - DEBUG - STREAM b'IDAT' 41 4096
2025-12-01 12:22:36,619 - DEBUG - STREAM b'IDAT' 22909 6
2025-12-01 12:22:38,650 - DEBUG - STREAM b'IHDR' 16 13
2025-12-01 12:22:38,650 - DEBUG - STREAM b'IDAT' 41 4096
2025-12-01 12:22:38,652 - DEBUG - STREAM b'IDAT' 22909 6
2025-12-01 12:22:40,684 - DEBUG - STREAM b'IHDR' 16 13
2025-12-01 12:22:40,684 - DEBUG - STREAM b'IDAT' 41 4096
2025-12-01 12:22:40,686 - DEBUG - STREAM b'IDAT' 22909 6
